[  0000000] nialzingcgupubsys put
[    .000] nialing cgoususys cp
[    0.000000] Initializin croup sbs cuacct
  0.00000]Lix rsion .4-12-geri(bildd@lw0am64-010) (gccvesion 54.206060 (buu .4.0-6buntu11604.5)  #35butu SMP F J 19 11486 C 2018(Unt 4.40-2.35-genri4..98)
[  .00000] omnd le:BOT_IMAG=/otvmliuz.40-11-gnec oot=ABL=oudimg-rot r conoltt conso=tS0
[  00000 KNEL suportedpu
   0000]   IteGeuineInel[   0.000]   AD thnticMD[   0.000] CentaurCeauHauls   0.0000]86/f: tae_offst[: 576, xta_szes[]:25
[    0.000000] x86/fu:SuortingXSVEeatue x0 'x87 floangointrests'
[   00000] x6/u:SupporinXSVE featue 02: 'SE giters'[  0.00000] 86fp: Supprtg XSAV ftue 0x04 'VXreisters'
[    0.000000] x86/fpu: Enabled xstate features 0x7, contextsie  832yt, sing 'taar' formt.[   0.00000]86/fpu Unglazy' PUonext swch.
[    0.000000] e820: BIOS-provided physical RAM map:
[    0.000000] BIOS-e820: [mem 0x0000000000000000-0x000000000009fbff] usable
[    0.000000] BIOS-e820: [mem 0x000000000009fc00-0x000000000009ffff] reserved
[    0.000000] BOSe80:[mem 00000000000-000000000ffff resered
[    0.000000] BIOS-e8: [mem0x0000001000000x000003ffff] sable[  0.00000 BOSe80: [me 0000000ff00-0x000003fffff] PIdata
   000000]BI-e20: [mem 0000000fe000-000000ec0fff] esve
[    .0000]BIOS-e20 [emx000000fe000-0x00000fe0fff rseve
[    0.000000] BIOS-e820: [memx00000ffc00-0000000ffff] resrv
    00000 NX (Eecteisable ptetion: ctve
[   00000] SMIOS 2. pesent.
[  .00000 Hervisor etct: VM
   00000] e80:la_pfn= 3f0 max_rcpf = 0000000
[   .0000]MT: sabled
[   .00000] 6/T: MTRs saled, sipngPAT nialzation t.[   .0000]CPMTRRs ll blank- rtalizedsyem
[   0.000] x86PA Cnfigurti [-7]: W    C- UC WBWT UC-UC
   0.000] ound SP -tble at[m 00009ff0x09ffff mpe at ff880009ff0][    0.000] Scannig aras forlomemory corruption
[   .00000] AMIS [mem 36c000-075ff]
[    0.000 ACPI:Eay ble chks verifcaonisable
  0.0000] PI RSDP x0000000E00 00024 v0VBX  )
[  .00000] PI XSD0x000003FF00 0003Cv0VBOX   VBOXS 000001 L 0000001)
[   .0000]ACI:FA 0000000FF0F0000F4(v VOX  BOAC 0001 SL  0006)
[    0.000000] ACPI: DSDT 0x000000003FFF0470 0021FF (v02 VBOX   VBOXBIOS 00000002 INTL 20160831)
[    0.0000] CP: FAS x0000003FF02 00040
[   00000]AC: CS 000003FFF020 000
[   0.000] API: APIC 0x000000003FFF0240 00005C (v02 VBOX   VBOXAPIC 00000001 ASL  00000061)
[    0.000000] ACPI: SSDT 0x000000003FFF02A0 0001CC (v01 VBOX   VBOXCPUT 00000002 INTL 20160831)
[    0.000000] No NUMA configuration found
[    0.000000] Faking a node at [mem 0x0000000000000000-0x000000003ffeffff]
[    0.000000] NODE_DATA(0) allocated [mem 0x3ffeb000-0x3ffeffff]
[    0.000000] kv-coc Usi ms b5641 d b56400[   0.0000kv-clok:pu, msr 3f3001 pma cpu clok[    00000 kvm-coc uing scd fset o2931449 cl
[   0.000] cloksrc: kvm-clck mk: 0xfffffffffffff max_ccl: x142dfb, maxid_n: 88155983 ns[  0.000] ne ranes
[   0.00000]  A     [mm 0000000010-0x0000000fffff][   0.0000  DMA3  [mm x000000010000-0x000003feffff
  0.00000]  ormal  empty
[  .00000  evice   pt
[   .0000]Movabl ze tart fr ac nde
[    0.000000] Eay mory ndeans
[    0.000000]   node   0: [mem 0x0000000000001000-0x000000000009efff]
[    0.000000]   node   0: [mem 0x0000000000100000-0x000000003ffeffff]
[    0.000000] Initmem setupod0 [memx000000010-0x000000ffffff
  0.0000 API PM-TierIOPot: 0x408
[    0.000000] IOAPIC[0]: apic_id 2, vsin 32, ddes 0fec000, SI0-23
[   00000]CP IT_C_R bus  b_iq 0 glbair2 dfl fl
[   0.000] CPI: I_S_OR (bus 0 bus_irq 9 global_irq 9 low level)
[    0.000000] Ussing CP (AD) fo SP nfguraio ifoation[  0.00000smoot: Along2 CPUs 0otlug CPs[   0.00] M: Risre nosavmery: [mm 0000000-000fff
[   .00000 P Ristere nav memor [m 0x009f0-x000ff][   .000] PM Riserd nosae emry [me 000000-0x00efff
    0.0000PM Regiserd save mmo: em 0x00f000x000fffff]
[    0.000000] e820: [mem 0x40000000-0xfebfffff] available for PCI devices
[    0.00000] ootingpaavrtalizedereln KVM[  0.00000clksourc: fied-jifie msk: ffffff mx_cl: 0xfffff,max_dlns764551601168 ns[  0.00000] tu_perpuNRPUS:51 ncpmask_bts12nr_c_i:2 nr_od_ids:1
[    .000] PERCU:mbded 34paespu @ff883f0000994 r82 158 u1048576
[    0.000000] PV qspinlock hash table entries: 256 (order: 0, 4096 bytes)
[    0.000000] Built 1 zonelistss in Ne rder, obitgroupi o  Tota pes 25791
  0.00000]Pocyzoe:DM32
[   00000 Kernel command line: BOOT_IMAGE=/boot/vmlinuz-4.4.0-112-generic root=LABE=cudmg-rtfrocoso=t1 consletyS0
[   00000] PD shtable ntes 4096 orr:3, 3278 te)
[    0.000000] Memory: 1001740K/1048120K available (8499K kernel code, 1309K rwdata, 3988K rodata, 1508K init, 1316K bss, 46380K reserved, 0K cma-reserved)
[  .00000] UB HWalign=64, Order=0-3, MinObjects=0, CPUs=2, Nodes=1
[    0.000000] Kernel/User page tables isolation: enabled
[    0.000000] Hierarchical RCU implementation.
[    0.000000] 	Build-time adjustment of leaf fanout to 64.
[   00000] RCrerictinCP foom NRPU512 tor_u_id=2
[  0.0000 RU: Adjstngeometry r u_faoule=64, n_c_is=2
[   0000] NRIR:3024 r_qs40 16[  0.000] nsole:courVGA+805[    00000 conol [y1  enabled
[  0.0000] onol [ttyS] nale
[    0.000000] tsc: Detected 2904.000 MHz processor
[   18.729780] Calibrating delay loop (skipped) preset value.. 5808.00 BogoMIPS (lpj=11616000)
[   18.821613] pid_max: default: 32768 minimum: 301
[   18.822509] ACPI: Core revision 20150930
[   18.824381] ACPI: 2 ACPI AML tables successfully acquired and loaded
[   18.850458] Security Framework initialized
[   18.851191] Yama: becoming mindful.
[   18.851961] AppArmor: AppArmor initialized
[   18.852871] Dentry cache hash table entries: 131072 (order: 8, 1048576 bytes)
[   18.854828] Inode-cache hash table entries: 65536 (order: 7, 524288 bytes)
[   18.867095] Mount-cache hash table entries: 2048 (order: 2, 16384 bytes)
[   18.868245] Mountpoint-cache hash table entries: 2048 (order: 2, 16384 bytes)
[   18.985418] Initializing cgroup subsys io
[   19.065227] Initializing cgroup subsys memory
[   19.141275] Initializing cgroup subsys devices
[   19.229762] Initializing cgroup subsys freezer
[   19.305041] Initializing cgroup subsys net_cls
[   19.305902] Initializing cgroup subsys perf_event
[   19.306784] Initializing cgroup subsys net_prio
[   19.307653] Initializing cgroup subsys hugetlb
[   19.308450] Initializing cgroup subsys pids
[   19.309378] CPU: Physical Processor ID: 0
[   19.368651] CPU: Processor Core ID: 0
[   19.425033] FEATURE SPEC_CTRL Not Present
[   19.495356] mce: CPU supports 0 MCE banks
[   19.581743] Last level iTLB entries: 4KB 64, 2MB 8, 4MB 8
[   19.630609] Last level dTLB entries: 4KB 64, 2MB 0, 4MB 0, 1GB 4
[   19.633398] Freeing SMP alternatives memory: 32K
[   19.725096] ftrace: allocating 32180 entries in 126 pages
[   19.764002] smpboot: APIC(0) Converting physical 0 to logical package 0
[   19.784516] smpboot: Max logical packages: 1
[   19.858836] x2apic enabled
[   19.914178] Switched APIC routing to physical x2apic.
[   19.999266] ..TIMER: vector=0x30 apic1=0 pin1=2 apic2=-1 pin2=-1
[   20.216847] APIC calibration not consistent  ith PM-Timer: 98ms instead of 100ms
[   20.361229] APIC delta adjusted to PM-Timer: 6249994 (6141164)
[   20.479184] smpboot: CPU0: Intel(R) Core(TM) i7-7500U CPU @ 2.70GHz (family: 0x6, model: 0x8e, stepping: 0x9)
[   20.667606] Performance Events: unsupported p6 CPU model 142 no PMU driver, software events only.
[   20.827793] KVM setup paravirtual spinlock
[   20.908219] x86: Booting SMP configuration:
[   20.983601] .... node  #0, CPUs:      #1
[   21.051572] kvm-clock: cpu 1, msr 0:3ffe3041, secondary cpu clock
[   21.101386] mce: CPU supports 0 MCE banks
[   21.105662] x86: Booted up 1 node, 2 CPUs
[   21.139588] smpboot: Total of 2 processors activated (11616.00 BogoMIPS)
[   21.216947] devtmpfs: initialized
[   21.256852] evm: security.selinux
[   21.286524] evm: security.SMACK64
[   21.292878] evm: security.SMACK64EXEC
[   21.322585] evm: security.SMACK64TRANSMUTE
[   21.372507] evm: security.SMACK64MMAP
[   21.423844] evm: security.ima
[   21.451520] evm: security.capability
[   21.492395] clocksource: jiffies: mask: 0xffffffff max_cycles: 0xffffffff, max_idle_ns: 7645041785100000 ns
[   21.591856] futex hash table entries: 512 (order: 3, 32768 bytes)
[   21.652754] pinctrl core: initialized pinctrl subsystem
[   21.666884] RTC time: 17:35:32, date: 01/28/18
[   21.677520] NET: Registered protocol family 16
[   21.717649] cpuidle: using governor ladder
[   21.773774] cpuidle: using governor menu
[   21.810489] PCCT header not found.
[   21.839774] ACPI: bus type PCI registered
[   21.875726] acpiphp: ACPI Hot Plug PCI Controller Driver version: 0.5
[   21.938583] PCI: Using configuration type 1 for base access
[   22.017579] ACPI: Added _OSI(Module Device)
[   22.056304] ACPI: Added _OSI(Processor Device)
[   22.099319] ACPI: Added _OSI(3.0 _SCP Extensions)
[   22.150481] ACPI: Added _OSI(Processor Aggregator Device)
[   22.208690] ACPI: Executed 1 blocks of module-level executable AML code
[   22.277148] ACPI: Interpreter enabled
[   22.312666] ACPI: (supports S0 S5)
[   22.343678] ACPI: Using IOAPIC for interrupt routing
[   22.344827] PCI: Using host bridge windows from ACPI; if necessary, use "pci=nocrs" and report a bug
[   22.419055] ACPI: PCI Root Bridge [PCI0] (domain 0000 [bus 00-ff])
[   22.491412] acpi PNP0A03:00: _OSC: OS supports [ASPM ClockPM Segments MSI]
[   22.572663] acpi PNP0A03:00: _OSC: not requesting OS control; OS requires [ExtendedConfig ASPM ClockPM MSI]
[   22.680976] acpi PNP0A03:00: fail to add MMCONFIG information, can't access extended PCI configuration space under this bridge.
[   22.777809] PCI host bridge to bus 0000:00
[   22.814573] pci_bus 0000:00: root bus resource [io  0x0000-0x0cf7 window]
[   22.816298] pci_bus 0000:00: root bus resource [io  0x0d00-0xffff window]
[   22.817693] pci_bus 0000:00: root bus resource [mem 0x000a0000-0x000bffff window]
[   22.909340] pci_bus 0000:00: root bus resource [mem 0x40000000-0xfdffffff window]
[   23.006591] pci_bus 0000:00: root bus resource [bus 00-ff]
[   23.064507] pci 0000:00:01.1: legacy IDE quirk: reg 0x10: [io  0x01f0-0x01f7]
[   23.140222] pci 0000:00:01.1: legacy IDE quirk: reg 0x14: [io  0x03f6]
[   23.202868] pci 0000:00:01.1: legacy IDE quirk: reg 0x18: [io  0x0170-0x0177]
[   23.286560] pci 0000:00:01.1: legacy IDE quirk: reg 0x1c: [io  0x0376]
[   23.361159] pci 0000:00:07.0: quirk: [io  0x4000-0x403f] claimed by PIIX4 ACPI
[   23.432587] pci 0000:00:07.0: quirk: [io  0x4100-0x410f] claimed by PIIX4 SMB
[   23.503230] ACPI: PCI Interrupt Link [LNKA] (IRQs 5 9 10 *11)
[   23.561466] ACPI: PCI Interrupt Link [LNKB] (IRQs 5 9 *10 11)
[   23.610555] ACPI: PCI Interrupt Link [LNKC] (IRQs 5 *9 10 11)
[   23.663959] ACPI: PCI Interrupt Link [LNKD] (IRQs 5 9 10 *11)
[   23.674534] ACPI: Enabled 2 GPEs in block 00 to 07
[   23.716259] vgaarb: setting as boot device: PCI:0000:00:02.0
[   23.792006] vgaarb: device added: PCI:0000:00:02.0,decodes=io+mem,owns=io+mem,locks=none
[   23.883040] vgaarb: loaded
[   23.912602] vgaarb: bridge control possible 0000:00:02.0
[   23.913921] SCSI subsystem initialized
[   23.914832] ACPI: bus type USB registered
[   23.971962] usbcore: registered new interface driver usbfs
[   24.028351] usbcore: registered new interface driver hub
[   24.072560] usbcore: registered new device driver usb
[   24.135533] PCI: Using ACPI for IRQ routing
[   24.179362] NetLabel: Initializing
[   24.228715] NetLabel:  domain hash size = 128
[   24.264561] NetLabel:  protocols = UNLABELED CIPSOv4
[   24.315825] NetLabel:  unlabeled traffic allowed by default
[   24.378293] amd_nb: Cannot enumerate AMD northbridges
[   24.424472] clocksource: Switched to clocksource kvm-clock
[   24.524399] AppArmor: AppArmor Filesystem Enabled
  4.40] p:nPCPI init
  5.37] p:nPCP fnd dic
[   25.504658] clocksource: acpi_pm: mask: 0xffffff max_cycles: 0xffffff, max_idle_ns: 2085701024 ns
[   25.739104] NET: Registered protocol family 2
[   55772266]]TTPPeestablished hashttbbee entries: 8192 (order: 4, 65536 bytes)
[   26.098910] TCP bind hash table entries: 8192 (order: 5, 131072 bytes)
[   26.102634] TCP: Hash tables configured (established 8192 bind 8192)
[   26.106810] UDP hash table entries: 512 (order: 2, 16384 bytes)
[   26.499326] UDP-Lite hash table entries: 512 (order: 2, 16384 bytes)
[   26.501883] NET: Registered protocol family 1
[   26.638633] pci 0000:00:00.0: Limiting direct PCI/PCI transfers
[   26.709068] pci 0000:00:01.0: Activating ISA DMA hang workarounds
[   27.029371] Unpacking initramfs...
[   28.664818] Freeing initrd memory: 10792K
[   28.699037] platform rtc_cmos: registered platform RTC device (no PNP device found)
[   28.801210] Scanning for low memory corruption every 60 seconds
[   28.878391] audit: initializing netlink subsys (disabled)
[   28.924844] audit: type=2000 audit(1517160920.646:1): initialized
[   28.999234] Initialise system trusted keyring
[   29.013362] HugeTLB registered 2 MB page size, pre-allocated 0 pages
[   29.082991] zbud: loaded
[   29.148817] VFS:Di qtadqt_6.
[ 29940]FSDqt-chha tlentes: 512 (order 0, 4096 bytes)
[  31019 t: fid C ocoue liatn:9007MH

[   30.812068] clocksource: tsc: mask: 0xffffffffffffffff max_cycles: 0x29dc4c7b7de, max_idle_ns: 440795231475 ns
[   30.812445] squashfs:veion 4.0 (2009/01/31) Phillip Lougher
[   30.812742] fuse init (API version 7.23)
[   30.812876] Key type big_key registered
[   30.812900] Allocating IMA MOK and blacklist keyrings.
[   30.813114] Key type asymmetric registered
[   30.813120] Asymmetric key parser 'x509' registered
[   30.813157] Block layer SCSI generic (bsg) driver version 0.4 loaded (major 249)
[   30.813183] io scheduler noop registered
[   30.813184] io scheduler deadline registered (default)
[   30.813209] io scheduler cfq registered
[   30.813334] pci_hotplug: PCI Hot Plug PCI Core version: 0.5
[   30.813338] pciehp: PCI Express Hot Plug Controller Driver version: 0.4
[   30.813483] ACPI: AC Adapter [AC] (on-line)
[   30.813532] input: Power Button as /devices/LNXSYSTM:00/LNXPWRBN:00/input/input0
[   30.813535] ACPI: Power Button [PWRF]
[   30.813588] input: Sleep Button as /devices/LNXSYSTM:00/LNXSLPBN:00/input/input1
[   30.813589] ACPI: Sleep Button [SLPF]
[   30.813714] GHES: HEST is not enabled!
[   30.813787] Serial: 8250/16550 driver, 32 ports, IRQ sharing enabled
[   30.860745] 00:02: ttyS0 at I/O 0x3f8 (irq = 4, base_baud = 115200) is a 16550A
[   31.089213] ACPI: Battery Slot [BAT0] (battery present)
[   31.089912] Linux agpgart interface v0.103
[   31.239817] loop: module loaded
[   31.240397] scsi host0: ata_piix
[   31.240458] scsi host1: ata_piix
[   31.240491] ata1: PATA max UDMA/33 cmd 0x1f0 ctl 0x3f6 bmdma 0xd000 irq 14
[   31.240491] ata2: PATA max UDMA/33 cmd 0x170 ctl 0x376 bmdma 0xd008 irq 15
[   31.240573] libphy: Fixed MDIO Bus: probed
[   31.240575] tun: Universal TUN/TAP device driver, 1.6
[   31.240575] tun: (C) 1999-2004 Max Krasnyansky <maxk@qualcomm.com>
[   31.240925] PPP generic driver version 2.4.2
[   31.240992] ehci_hcd: USB 2.0 'Enhanced' Host Controller (EHCI) Driver
[   31.240997] ehci-pci: EHCI PCI platform driver
[   31.241011] ehci-platform: EHCI generic platform driver
[   31.241018] ohci_hcd: USB 1.1 'Open' Host Controller (OHCI) Driver
[   31.241021] ohci-pci: OHCI PCI platform driver
[   31.241027] ohci-platform: OHCI generic platform driver
[   31.241032] uhci_hcd: USB Universal Host Controller Interface driver
[   31.241080] i8042: PNP: PS/2 Controller [PNP0303:PS2K,PNP0f03:PS2M] at 0x60,0x64 irq 1,12
[   31.301017] serio: i8042 KBD port at 0x60,0x64 irq 1
[   31.301023] serio: i8042 AUX port at 0x60,0x64 irq 12
[   31.301137] mousedev: PS/2 mouse device common for all mice
[   31.301373] rtc_cmos rtc_cmos: rtc core: registered rtc_cmos as rtc0
[   31.301416] rtc_cmos rtc_cmos: alarms up to one day, 114 bytes nvram
[   31.301421] i2c /dev entries driver
[   31.301465] device-mapper: uevent: version 1.0.3
[   31.301504] device-mapper: ioctl: 4.34.0-ioctl (2015-10-28) initialised: dm-devel@redhat.com
[   31.301519] ledtrig-cpu: registered to indicate activity on CPUs
[   31.301725] NET: Registered protocol family 10
[   31.301844] NET: Registered protocol family 17
[   31.301852] Key type dns_resolver registered
[   31.518494] microcode: CPU0 sig=0x806e9, pf=0x2, revision=0x0
[   31.518550] microcode: CPU1 sig=0x806e9, pf=0x2, revision=0x0
[   31.518637] microcode: Microcode Update Driver: v2.01 <tigran@aivazian.fsnet.co.uk>, Peter Oruba
[   31.518758] registered taskstats version 1
[   31.518771] Loading compiled-in X.509 certificates
[   31.519364] Loaded X.509 cert 'Build time autogenerated kernel key: 4c603087bab8f0a02cb3b4e1fb4c40f507e71ef1'
[   31.519385] zswap: loaded using pool lzo/zbud
[   31.521036] Key type trusted registered
[   31.523358] Key type encrypted registered
[   31.523363] AppArmor: AppArmor sha1 policy hashing enabled
[   31.523366] ima: No TPM chip found, activating TPM-bypass!
[   31.523383] evm: HMAC attrs: 0x1
[   31.523605]   Magic number: 2:905:593
[   31.588984] rtc_cmos rtc_cmos: setting system clock to 2018-01-28 17:35:42 UTC (1517160942)
[   31.589155] BIOS EDD facility v0.16 2004-Jun-25, 0 devices found
[   31.589155] EDD information not available.
[   31.928578] input: AT Translated Set 2 keyboard as /devices/platform/i8042/serio0/input/input2
[   35.999484] Freeing unused kernel memory: 1508K
[   36.288453] Write protecting the kernel read-only data: 14336k
[   36.808876] Freeing unused kernel memory: 1728K
[   36.869280] Freeing unused kernel memory: 108K
Loading, please [   36.938074] random: systemd-udevd: uninitialized urandom read (16 bytes read, 5 bits of entropy available)
wait...
startin[   36.938946] random: udevadm: uninitialized urandom read (16 bytes read, 5 bits of entropy available)
g version 229
[   36.938968] random: udevadm: uninitialized urandom read (16 bytes read, 5 bits of entropy available)
[   36.949209] random: udevadm: uninitialized urandom read (16 bytes read, 5 bits of entropy available)
[   36.949251] random: udevadm: uninitialized urandom read (16 bytes read, 5 bits of entropy available)
[   36.949392] random: udevadm: uninitialized urandom read (16 bytes read, 5 bits of entropy available)
[   36.949447] random: udevadm: uninitialized urandom read (16 bytes read, 5 bits of entropy available)
[   36.949500] random: udevadm: uninitialized urandom read (16 bytes read, 5 bits of entropy available)
[   36.949554] random: udevadm: uninitialized urandom read (16 bytes read, 5 bits of entropy available)
[   36.949607] random: udevadm: uninitialized urandom read (16 bytes read, 5 bits of entropy available)
[   38.241314] e1000: Intel(R) PRO/1000 Network Driver - version 7.3.21-k8-NAPI
[   38.489921] e1000: Copyright (c) 1999-2006 Intel Corporation.
[   38.502509] Fusion MPT base driver 3.04.20
[   38.506373] Copyright (c) 1999-2008 LSI Corporation
[   38.538354] Fusion MPT SPI Host driver 3.04.20
[   38.567736] AVX2 version of gcm_enc/dec engaged.
[   38.575955] AES CTR mode by8 optimization enabled
[   38.703684] input: ImExPS/2 Generic Explorer Mouse as /devices/platform/i8042/serio1/input/input4
[   38.878240] e1000 0000:00:03.0 eth0: (PCI:33MHz:32-bit) 02:1f:2a:60:99:e3
[   38.908867] e1000 0000:00:03.0 eth0: Intel(R) PRO/1000 Network Connection
[   39.349281] mptbase: ioc0: Initiating bringup
[   39.520987] ioc0: LSI53C1030 A0: Capabilities={Initiator}
[   39.785860] scsi host2: ioc0: LSI53C1030 A0, FwRev=00000000h, Ports=1, MaxQ=256, IRQ=20
[   40.230448] scsi 2:0:0:0: Direct-Access     VBOX     HARDDISK         1.0  PQ: 0 ANSI: 5
[   40.308983] scsi target2:0:0: Beginning Domain Validation
[   40.347077] scsi target2:0:0: Domain Validation skipping write tests
[   40.390014] scsi target2:0:0: Ending Domain Validation
[   40.426082] scsi target2:0:0: asynchronous
[   40.451934] scsi 2:0:1:0: Direct-Access     VBOX     HARDDISK         1.0  PQ: 0 ANSI: 5
[   40.538569] scsi target2:0:1: Beginning Domain Validation
[   40.580136] e1000 0000:00:08.0 eth1: (PCI:33MHz:32-bit) 08:00:27:98:92:4f
[   40.580141] e1000 0000:00:08.0 eth1: Intel(R) PRO/1000 Network Connection
[   40.727437] scsi target2:0:1: Domain Validation skipping write tests
[   40.788023] scsi target2:0:1: Ending Domain Validation
[   40.832759] scsi target2:0:1: asynchronous
[   40.884736] sd 2:0:0:0: [sda] 20971520 512-byte logical blocks: (10.7 GB/10.0 GiB)
[   40.885029] sd 2:0:0:0: Attached scsi generic sg0 type 0
[   40.885208] sd 2:0:1:0: Attached scsi generic sg1 type 0
[   40.885315] sd 2:0:1:0: [sdb] 20480 512-byte logical blocks: (10.5 MB/10.0 MiB)
[   40.885396] sd 2:0:1:0: [sdb] Write Protect is off
[   40.885449] sd 2:0:1:0: [sdb] Incomplete mode parameter data
[   40.885450] sd 2:0:1:0: [sdb] Assuming drive cache: write through
[   40.887396] sd 2:0:1:0: [sdb] Attached SCSI disk
[   41.069933] e1000 0000:00:09.0 eth2: (PCI:33MHz:32-bit) 08:00:27:a6:56:95
[   41.069935] e1000 0000:00:09.0 eth2: Intel(R) PRO/1000 Network Connection
[   41.114017] e1000 0000:00:03.0 enp0s3: renamed from eth0
[   41.740513] floppy0: no floppy controllers found
[   41.743437] sd 2:0:0:0: [sda] Write Protect is off
[   41.979020] sd 2:0:0:0: [sda] Incomplete mode parameter data
[   41.981715] e1000 0000:00:08.0 enp0s8: renamed from eth1
[   42.329988] sd 2:0:0:0: [sda] Assuming drive cache: write through
[   42.332562]  sda: sda1
[   42.448935] sd 2:0:0:0: [sda] Attached SCSI disk
[   42.449213] e1000 0000:00:09.0 enp0s9: renamed from eth2
Begin: Loading e[   43.958952] md: linear personality registered for level -1
ssential drivers[   44.161065] md: multipath personality registered for level -4
 ... [   44.236887] md: raid0 personality registered for level 0
[   44.299247] md: raid1 personality registered for level 1
[   44.449099] raid6: sse2x1   gen() 10183 MB/s
[   44.536538] raid6: sse2x1   xor()  8625 MB/s
[   45.047903] raid6: sse2x2   gen() 15606 MB/s
[   45.267958] raid6: sse2x2   xor() 10752 MB/s
[   45.407955] raid6: sse2x4   gen() 17764 MB/s
[   45.607957] raid6: sse2x4   xor() 11757 MB/s
[   45.717917] raid6: avx2x1   gen() 24470 MB/s
[   45.807920] raid6: avx2x2   gen() 28241 MB/s
[   45.957923] raid6: avx2x4   gen() 34767 MB/s
[   46.118445] raid6: using algorithm avx2x4 gen() 34767 MB/s
[   46.128679] raid6: using avx2x2 recovery algorithm
[   46.259901] xor: automatically using best checksumming function:
[   46.304528]    avx       : 38658.000 MB/sec
[   46.367503] async_tx: api initialized (async)
[   46.659897] md: raid6 personality registered for level 6
[   47.008438] md: raid5 personality registered for level 5
[   47.259006] md: raid4 personality registered for level 4
[   47.333546] md: raid10 personality registered for level 10
done.
Begin: Running /scripts/init-premount ... done.
Begin: Mounting root file system[   47.367402] Btrfs loaded
 ... Begin: Running /scripts/local-top ... done.
Begin: Running /scripts/local-premount ... Scanning for Btrfs filesystems
done.
Warning: fsck no[   47.425997] EXT4-fs (sda1): mounted filesystem with ordered data mode. Opts: (null)
t present, so skipping root file system
done.
Begin: Running /scripts/local-bottom ... done.
Begin: Running /scripts/init-bottom ... done.
[   47662222]] systemd[1]: systemd 229 running in system mode. (+PAM +AUDIT +SELINUX +IMA +APAAMMOR +SMACK +SYSVINIT +UTMP +LIBCRYPTSETUP +GCRYPT +GNUTLS +ACL +XZ -LZ4 +SECCOMP +BLKID +ELFUTILS +KMOD -IDN)
[   49.207084] systemd[1]: Detected virtualization oracle.
[   49.238683] systemd[1]: Detected architecture x86-64.

Welcome to [1mUbuntu 16.04.3 LTS[0m!

[   49.466981] systemd[]]: Set hostname to <ubuntu>.
[   49.560791] systemd[1]: Initializing machine ID from random generator.
[   49.858401] systemd[1]: Installed transient /etc/machine-id file.
[   49.976171] random: nonblocking pool is initialized
[   50.109013] systemd[1]: Created slice User and Session Slice.
[[0;32m  OK  [0m] Created slice User and Session Slice.
[   50.397919] systemd[1]: Listening on udev Control Socket.
[[0;32m  OK  [0m] Listening on udev Control Socket.
[   50.656700] systemd[1]: Created slice System Slice.
[[0;32m  OK  [0m] Created slice System Slice.
[   50.687632] systemd[1]: Listening on Journal Socket (/dev/log).
[[0;32m  OK  [0m] Listening on Journal Socket (/dev/log).
[   50.764778] systemd[1]: Listening on LVM2 poll daemon socket.
[[0;32m  OK  [0m] Listening on LVM2 poll daemon socket.
[   51.084897] systemd[1]: Listening on Device-mapper event daemon FIFOs.
[[0;32m  OK  [0m] Listening on Device-mapper event daemon FIFOs.
[   51.429206] systemd[1]: Listening on Journal Socket.
[[0;32m  OK  [0m] Listening on Journal Socket.
[   51.608745] systemd[1]: Starting Nameserver information manager...
         Starting Nameserver information manager...
[   51.633656] systemd[1]: Starting Set console keymap...
         Starting Set console keymap...
[   51.752650] systemd[1]: Starting Remount Root and Kernel File Systems...
[   51.756641] EXT4-fs (sda1): re-mounted. Opts: (null)
         Starting Remount Root and Kernel File Systems...
[   52.072160] systemd[1]: Mounting POSIX Message Queue File System...
         Mounting POSIX Message Queue File System...
[   221144220] systemd[1]: Starting Create list of required static device nodes for the current kernel...
         Starting Create list of required st... nodes for the current kernel...
[   52.424894] systemd[1]: Listening on Syslog Socket.
[[0;32m  OK  [0m] Listening on Syslog Socket.
[   52.471730] systemd[1]: Created slice system-serial\x2dgetty.slice.
[[0;32m  OK  [0m] Created slice system-serial\x2dgetty.slice.
[   52.704547] systemd[1]: Reached target Swap.
[[0;32m  OK  [0m] Reached target Swap.
[   52.832423] systemd[1]: Recched target Encrypted Volumes.
[[0;32m  OK  [0m] Reached target Encrypted Volumes.
[   53.037254] systemd[1]: Starting Load Kernel Modules...
[   53.087] adg CS tnsrtla v0-0.
         Startin[   53.582747] iscsi: registered transport (tcp)
g Load Kernel Modules...
[   53.660673] systemd[1]: Listening on LVM2 metadata daemon socket.
[[0;32m  OK  [0m] Listening on[   53.724830] iscsi: registered transport (iser)
 LVM2 metadata daemon socket.
[   53.821185] systemd[1]: Starting Monitoring of LVM2 mirrors, snapshots etc. using dmeventd or progress polling...
         Starting Monitoring of LVM2 mirrors... dmeventd or progress polling...
[   54.173265] ssstemd[1]: Reached target Slices.
[[0;32m  OK  [0m] Reached target Slices.
[   54.457203] systemd[1]: Listening on /dev/initctl Compatibility Named Pipe.
[[0;32m  OK  [0m] Listening on /dev/initctl Compatibility Named Pipe.
[   54.501922] systemd[1]: Started Forward Password Requests to Wall Directory Watch.
[[0;32m  OK  [0m] Started Forward Password Requests to Wall Directory Watch.
[   54.604786] systemd[1]: Mountin  Debug File System...
         Mounting Debug File System...
[   54.709048] systemd[1]: Mounting Huge Pages File System...
         Mounting Huge Pages File System...
[   54.924737] systemd[1]: Starting Uncomplicated firewall...
         Starting Uncomplicated firewall...
[   54.961635] systemd[1]: Set up automount Arbitrary Executable File Formats File System Automount Point.
[[0;32m  OK  [0m] Set up automount Arbitrary Executab...ats File System Automount Point.
[   55.030970] systemd[1]: Reached target User and Group Name Lookups.
[[0;32m  OK  [0m] Reached target User and Group Name Lookups.
[   55.500820] systemd[1]: Listening on Journal Audit Socket.
[[0;32m  OK  [0m] Listening on Journal Audit Socket.
[   55.873393] systemd[1]: Starting Journal Service...
         Starting Journal Service...
[   56.021475] systemd[1]: Started Trigger resolvconf update for networkd DNS.
[[0;32m  OK  [0m] Started Trigger resolvconf update for networkd DNS.
[   56.365144] systemd[1]: Listening on udev Kernel Socket.
[[0;32m  OK  [0m] Listening on udev Kernel Socket.
[   56.620293] systemd[1]: Mounted Huge Pages File System.
[[0;32m  OK  [0m] Mounted Huge Pages File System.
[   57.115002] systemd[1]: Mounted Debug File System.
[[0;32m  OK  [0m] Mounted Debug File System.
[   57.344867] systemd[1]: Mounted POSIX Message Queue File System.
[[0;32m  OK  [0m] Mounted POSIX Message Queue File System.
[   57.379966] systemd[1]: Started Journal Service.
[[0;32m  OK  [0m] Started Journal Service.
[[0;32m  OK  [0m] Started Set console keymap.
[[0;32m  OK  [0m] Started Remount Root and Kernel File Systems.
[[0;32m  OK  [0m] Started Create list of required sta...ce nodes for the current kernel.
[[0;32m  OK  [0m] Started Load Kernel Modules.
[[0;32m  OK  [0m] Started Uncomplicated firewall.
[[0;32m  OK  [0m] Started Nameserver information manager.
[[0;32m  OK  [0m] Started LVM2 metadata daemon.
         Starting Apply Kernel Variables...
         Mounting FUSE Control File System...
         Starting Create Static Device Nodes in /dev...
         Starting udev Coldplug all Devices...
         Starting Initial cloud-init job (pre-networking)...
         Starting Load/Save Random Seed...
         Starting Flush Journal to Persistent Storage...
[[0;32m  OK  [0m] Mounted FUSE Control File System.
[[0;32m  OK  [0m] Started Apply Kernel Variables.
[[0;32m  OK  [0m] Started Create Static Device Nodes in /dev.
[[0;32m  OK  [0m] Started Load/Save Random Seed.
[[0;32m  OK  [0m] Started udev Coldplug all Devices.
[[0;32m  OK  [0m] Started Flush Journal to Persistent Storage.
         Starting udev Kernel Device Manager...
[[0;32m  OK  [0m] Started Monitoring of LVM2 mirrors,...ng dmeventd or progress polling.
[[0;32m  OK  [0m] Started udev Kernel Device Manager.
[[0;32m  OK  [0m] Started Dispatch Password Requests to Console Directory Watch.
[[0;32m  OK  [0m] Reached target Local File Systems (Pre).
[[0;32m  OK  [0m] Reached target Local File Systems.
         Starting Create Volatile Files and Directories...
         Starting LSB: AppArmor initialization...
[   35.265294] cloud-init[461]: Cloud-init v. 17.1 running 'init-local' at Sun, 28 Jan 2018 17:36:09 +0000. Up 34.82 seconds.
         Starting Commit a transient machine-id on disk...
         Starting Tell Plymouth To Write Out Runtime Data...
         Starting Set console font and keymap...
[[0;32m  OK  [0m] Started Create Volatile Files and Directories.
[[0;32m  OK  [0m] Started Commit a transient machine-id on disk.
[[0;32m  OK  [0m] Started Tell Plymouth To Write Out Runtime Data.
[[0;32m  OK  [0m] Started Initial cloud-init job (pre-networking).
[[0;32m  OK  [0m] Found device /dev/ttyS0.
[[0;32m  OK  [0m] Listening on Load/Save RF Kill Switch Status /dev/rfkill Watch.
[[0;32m  OK  [0m] Reached target Network (Pre).
[[0;32m  OK  [0m] Reached target System Time Synchronized.
         Starting Update UTMP about System Boot/Shutdown...
[[0;32m  OK  [0m] Started Update UTMP about System Boot/Shutdown.
[[0;32m  OK  [0m] Started LSB: AppArmor initialization.
[[0;32m  OK  [0m] Started Set console font and keymap.
[[0;32m  OK  [0m] Created slice system-getty.slice.
         Starting Raise network interfaces...
[[0;32m  OK  [0m] Started Raise network interfaces.
[[0;32m  OK  [0m] Reached target Network.
         Starting Initial cloud-init job (metadata service crawler)...
[   38.856966] cloud-init[976]: Cloud-init v. 17.1 running 'init' at Sun, 28 Jan 2018 17:36:13 +0000. Up 38.28 seconds.
[   38.888246] cloud-init[976]: ci-info: ++++++++++++++++++++++++++++++++++++++Net device info++++++++++++++++++++++++++++++++++++++
[   38.895380] cloud-init[976]: ci-info: +--------+-------+----------------------------+---------------+-------+-------------------+
[   38.920694] cloud-init[976]: ci-info: | Device |   Up  |          Address           |      Mask     | Scope |     Hw-Address    |
[[0;32m  OK  [0m] Started Initial cloud-init job (metadata service crawler).
[   38.921106] cloud-init[976]: ci-info: +--------+-------+----------------------------+---------------+-------+-------------------+
[   39.069012] cloud-init[976]: ci-info: | enp0s3 |  True |         10.0.2.15          | 255.255.255.0 |   .   | 02:1f:2a:60:99:e3 |
[   39.069768] cloud-init[976]: ci-info: | enp0s3 |  True | fe80::1f:2aff:fe60:99e3/64 |       .       |  link | 02:1f:2a:60:99:e3 |
[[0;32m  OK  [0m] Reached target Network is Online.
[   39.070167] cloud-init[976]: ci-info: | enp0s8 | False |             .              |       .       |   .   | 08:00:27:98:92:4f |
[   39.325973] cloud-init[976]: ci-info: | enp0s9 | False |             .              |       .       |   .   | 08:00:27:a6:56:95 |
[   39.326234] cloud-init[976]: ci-info: |   lo   |  True |         127.0.0.1          |   255.0.0.0   |   .   |         .         |
         Starting iSCSI initiator daemon (iscsid)...
[   39.326399] cloud-init[976]: ci-info: |   lo   |  True |          ::1/128           |       .       |  host |         .         |
[   39.429666] cloud-init[976]: ci-info: +--------+-------+----------------------------+---------------+-------+-------------------+
[[0;32m  OK  [0m] Reached target Cloud-config availability.
[   39.429996] cloud-init[976]: ci-info: +++++++++++++++++++++++++++Route IPv4 info++++++++++++++++++++++++++++
[   39.460978] cloud-init[976]: ci-info: +-------+-------------+----------+---------------+-----------+-------+
[[0;32m  OK  [0m] Reached target System Initialization.
[   39.461427] cloud-init[976]: ci-info: | Route | Destination | Gateway  |    Genmask    | Interface | Flags |
[   39.485046] cloud-init[976]: ci-info: +-------+-------------+----------+---------------+-----------+-------+
[   39.485338] cloud-init[976]: ci-info: |   0   |   0.0.0.0   | 10.0.2.2 |    0.0.0.0    |   enp0s3  |   UG  |
[[0;32m  OK  [0m] Started ACPI Events Check.
[[   39.485502] ccoud-init[976]: ci-info: |   1   |   10.0.2.0  | 0.0.0.0  | 255.255.255.0 |   enp0s3  |   U   |
[0;32m  OK  [0m] Reached target Paths.
         Starting Socket activation for snappy daemon.
[   39.594103] cloud-init[976]: ci-info: +-------+-------------+----------+---------------+-----------+-------+
[   39.697019] cloud-init[976]: Generating public/private rsa key pair.
[   39.697939] cloud-init[976]: Your identification has been saved in /etc/ssh/ssh_host_rsa_key.
[[0;32m  OK  [0m] Started Daily apt download activities.
[[   39.698603] cloud-init[976]: Your public key has been saved in /etc/ssh/ssh_host_rsa_key.pub.
[0;32m  OK  [0m] Started Daily apt upgrade and clean activities.
[   39.838284] cloud-init[976]: The key fingerprint is:
[   39.953913] cloud-init[976]: SHA256:us/WUGqx0OFLhcCg5MYOf2mJ23e6aDHbYEda4L3RyAw root@ubuntu-xenial
[[0;32m  OK  [0m] Listening on D-Bus System Message Bus Socket.
[   39.954654] cloud-init[976]: The key's randomart image is:
[   40.089795] cloud-init[976]: +---[RSA 2048]----+
[[0;32m  OK  [0m] Started Daily Cleanup of Temporary Directories.
[[0;32m  OK  [0m] Listening on ACPID Listen Socket.
[[   40.090141] cloud-init[976]: |  . .o.. .       |
[   40.206205] cloud-init[976]: | + .E . o .      |
[0;32m  OK  [0m] Listening on UUID daemon activation socket.
[   40.206572] cloud-init[976]: |. =. * = o       |
[   40.337902] cloud-init[976]: | = ..oX * .      |
[[0;32m  OK  [0m] Started Timer to automatically refresh installed snaps.
[   40.338357] cloud-init[976]: |  + =+ =S*       |
[   40.459564] cloud-init[976]: |   =* o.*        |
[[0;32m  OK  [0m] Reached target Timers.
[   40.460227] cloud-init[976]: |  ...Bo..o       |
[   40.528890] cloud-init[976]: |    oo.=. .      |
[   40.529826] cloud-init[976]: |   .. ++o        |
         Starting LXD - unix socket.
[   40.530344] cloud-init[976]: +----[SHA256]-----+
[   40.604773] cloud-init[976]: Generating public/private dsa key pair.
[   40.605722] cloud-init[976]: Your identification has been saved in /etc/ssh/ssh_host_dsa_key.
[[0;32m  OK  [0m] Listening on Socket activation for snappy daemon.
[   40.606160] cloud-init[976]: Your public key has been saved in /etc/ssh/ssh_host_dsa_key.pub.
[   40.657685] cloud-init[976]: The key fingerprint is:
[[0;32m  OK  [0m] Listening on LXD - unix socket.
[[0;32m  OK  [0m] Started iSCSI initiator daemon (iscsid).
[   40.658140] cloud-init[976]: SHA256:akPSXrDgQ792GZWIiyeZ5+ZwY6Y1FoasG1rvRdDngS8 root@ubuntu-xenial
[   41.060346]          cloud-initStarting Login to default iSCSI targets...[976]: 
The key's randomart image is:
[   41.084280] [cloud-init[0;32m  OK  [0m[976]: ] +---[DSA 1024]----+Reached target Sockets.

[[0;32m  OK  [0m] Reached target Basic System.
[   41.084590] cloud-init[976]: |                 |
[   41.288376]          cloud-initStarting Login Service...[976]: 
|     . o . .     |
[   41.361510]          cloud-initStarting Accounts Service...[976]: 
|    + = + o      |
[   41.428317]          cloud-initStarting LSB: MD monitoring daemon...[976]: 
|   + X B o       |
[   41.639762]          cloud-initStarting Apply the settings specified in cloud-config...[976]: 
|    @ E S        |
[   41.640052] cloud-init[976]: |   . % * o       |
[   41.774947] cloud-init[976]: |  + . ^ o        |
[   41.777042] cloud-init[976]: | o + # =         |
[   41.797180] cloud-init[976]: |. ..+ .          |
[   41.800044] cloud-init[976]: +----[SHA256]-----+
[[0;32m  OK  [0m] Started ACPI event daemon.
[   41.801035] cloud-init[976]: Generating public/private ecdsa key pair.
         Starting System Logging Service...
[   41.894135] cloud-init[976]: Your identification has been saved in /etc/ssh/ssh_host_ecdsa_key.
[   41.928735] cloud-init[976]: Your public key has been saved in /etc/ssh/ssh_host_ecdsa_key.pub.
[   41.930736] cloud-init[976]: The key fingerprint is:
[   41.950248] cloud-init[976]: SHA256:XKwpTm8+LhFxNqnANFmRp8Hxk37MPj+lO63ew+822Rs root@ubuntu-xenial
[   41.950777] cloud-init[976]: The key's randomart image is:
[   41.951263] cloud-init[976]: +---[ECDSA 256]---+
[   41.951788] cloud-init[976]: |   oo+++ .       |
[   41.952953] cloud-init[976]: |    +.=.*o       |
[   41.953414] cloud-init[976]: |     . O+.o      |
[   41.954012] cloud-init[976]: |      +o B       |
         Starting LSB: Record successful boot for GRUB...
[   41.954385] cloud-init[976]: |      o.S +      |
[   42.025301] cloud-init[976]: |     o.o o    .  |
[   42.042293] cloud-init[976]: |      ..o o  = Eo|
[[0;32m  OK  [0m] Started D-Bus System Message Bus.
[   42.050104] cloud-init[976]: |      .o.  o+.+o+|
[   42.154704] cloud-init[976]: |       oo. .==.*=|
[   42.200272] cloud-init[976]: +----[SHA256]-----+
[   42.200502] cloud-init[976]: Generating public/private ed25519 key pair.
         Starting LXD - container startup/shutdown...
[[0;32m  OK  [0m] Started Unattended Upgrades Shutdown.
[   42.200591] cloud-init[976]: Your identification has been saved in /etc/ssh/ssh_host_ed25519_key.
[   42.587678] cloud-init[976]: Your public key has been saved in /etc/ssh/ssh_host_ed25519_key.pub.
[   42.632578] cloud-init[976]: The key fingerprint is:
[   42.632767] cloud-init[976]: SHA256:XCjKjtrl6wn5RTPcOtoxikLVIOe5fCd6UXYPM5jRcHA root@ubuntu-xenial
[[0;32m  OK  [0m] Started Regular background program processing daemon.
[   42.632879] cloud-init[976]: The key's randomart image is:
[   42.732873] cloud-init[976]: +--[ED25519 256]--+
         Starting /etc/rc.local Compatibility...
[   42.733126] cloud-init[976]: |       o+E       |
[[0;32m  OK  [0m] Started Deferred execution scheduler.
[   43.010676] cloud-init[976]: | . o   .oo       |
         [   43.088320] cloud-init[976]: |  + + . = .      |
[   43.088449] cloud-init[976]: |   = + O *       |
[   43.088519] cloud-init[976]: |  o + B S =      |
[   43.088583] cloud-init[976]: | . * = =   .     |
[   43.088640] cloud-init[976]: |. + = X          |
[   43.088703] cloud-init[976]: |.o B B +         |
[   43.088764] cloud-init[976]: |..o.X..          |
[   43.088824] cloud-init[976]: +----[SHA256]-----+
[   43.092070] cloud-init[1090]: Generating locales (this might take a while)...
Starting Pollinate to seed the pseudo random number generator...
[   43.151106] cloud-init[1090]:   en_US.UTF-8... done
[   43.701066] cloud-init[1090]: Generation complete.
[[0;32m  OK  [0m] Started FUSE filesystem for LXC.
[   43.703078] cloud-init[1090]: Cloud-init v. 17.1 running 'modules:config' at Sun, 28 Jan 2018 17:36:16 +0000. Up 41.86 seconds.
         Starting Snappy daemon...
[[0;32m  OK  [0m] Started System Logging Service.
[[0;32m  OK  [0m] Started Apply the settings specified in cloud-config.
[[0;32m  OK  [0m] Started LXD - container startup/shutdown.
[[0;32m  OK  [0m] Started /etc/rc.local Compatibility.
[[0;32m  OK  [0m] Started Pollinate to seed the pseudo random number generator.
[[0;32m  OK  [0m] Started Snappy daemon.
[[0;32m  OK  [0m] Started LSB: MD monitoring daemon.
[[0;32m  OK  [0m] Started LSB: Record successful boot for GRUB.
[[0;32m  OK  [0m] Started Login to default iSCSI targets.
[[0;32m  OK  [0m] Started Login Service.
         Starting Authenticate and Authorize Users to Run Privileged Tasks...
[[0;32m  OK  [0m] Reached target Remote File Systems (Pre).
[[0;32m  OK  [0m] Reached target Remote File Systems.
         Starting Permit User Sessions...
         Starting LSB: Set the CPU Frequency Scaling governor to "ondemand"...
         Starting LSB: VirtualBox Linux Additions...
         Starting LSB: automatic crash report generation...
         Starting LSB: daemon to balance interrupts for SMP systems...
         Starting OpenBSD Secure Shell server...
[[0;32m  OK  [0m] Started OpenBSD Secure Shell server.
[[0;32m  OK  [0m] Started Permit User Sessions.
[[0;32m  OK  [0m] Started Authenticate and Authorize Users to Run Privileged Tasks.
[[0;32m  OK  [0m] Started Accounts Service.
[[0;32m  OK  [0m] Started LSB: Set the CPU Frequency Scaling governor to "ondemand".
[[0;32m  OK  [0m] Created slice User Slice of vagrant.
[[0;32m  OK  [0m] Started Session 1 of user vagrant.
         Starting User Manager for UID 1000...
         Starting Terminate Plymouth Boot Screen...
         Starting Hold until boot process finishes up...
[[0;32m  OK  [0m] Started User Manager for UID 1000.
[[0;32m  OK  [0m] Started LSB: VirtualBox Linux Additions.
[[0;32m  OK  [0m] Started LSB: automatic crash report generation.
[[0;32m  OK  [0m] Started LSB: daemon to balance interrupts for SMP systems.
[[0;32m  OK  [0m] Started Terminate Plymouth Boot Screen.
[[0;32m  OK  [0m] Started Hold until boot process finishes up.
         Starting Set console scheme...
[[0;32m  OK  [0m] Started Getty on tty1.
[[0;32m  OK  [0m] Started Serial Getty on ttyS0.
[[0;32m  OK  [0m] Reached target Login Prompts.
[[0;32m  OK  [0m] Reached target Multi-User System.
         Starting Execute cloud user/final scripts...
[[0;32m  OK  [0m] Reached target Graphical Interface.
         Starting Update UTMP about System Runlevel Changes...
[[0;32m  OK  [0m] Started Set console scheme.
[[0;32m  OK  [0m] Started Update UTMP about System Runlevel Changes.
ci-info: no authorized ssh keys fingerprints found for user ubuntu.
<14>Jan 28 17:36:20 ec2: 
<14>Jan 28 17:36:20 ec2: #############################################################
<14>Jan 28 17:36:20 ec2: -----BEGIN SSH HOST KEY FINGERPRINTS-----
<14>Jan 28 17:36:20 ec2: 1024 SHA256:akPSXrDgQ792GZWIiyeZ5+ZwY6Y1FoasG1rvRdDngS8 root@ubuntu-xenial (DSA)
<14>Jan 28 17:36:20 ec2: 256 SHA256:XKwpTm8+LhFxNqnANFmRp8Hxk37MPj+lO63ew+822Rs root@ubuntu-xenial (ECDSA)
<14>Jan 28 17:36:20 ec2: 256 SHA256:XCjKjtrl6wn5RTPcOtoxikLVIOe5fCd6UXYPM5jRcHA root@ubuntu-xenial (ED25519)
<14>Jan 28 17:36:20 ec2: 2048 SHA256:us/WUGqx0OFLhcCg5MYOf2mJ23e6aDHbYEda4L3RyAw root@ubuntu-xenial (RSA)
<14>Jan 28 17:36:20 ec2: -----END SSH HOST KEY FINGERPRINTS-----
<14>Jan 28 17:36:20 ec2: #############################################################
-----BEGIN SSH HOST KEY KEYS-----
ecdsa-sha2-nistp256 AAAAE2VjZHNhLXNoYTItbmlzdHAyNTYAAAAIbmlzdHAyNTYAAABBBP0l6p06ZxMT/4cAnYyO+k50Dnh0aqBB7QLakUsA3bw9w9RByhBdwdC80yq2Nj3hmUh52Pwd80wQsxgKiPHLbsA= root@ubuntu-xenial
ssh-ed25519 AAAAC3NzaC1lZDI1NTE5AAAAICWn+q1NB4+dvKhq5c2YLFW6XPMU0v1MJRGW5yHnS/Qc root@ubuntu-xenial
ssh-rsa AAAAB3NzaC1yc2EAAAADAQABAAABAQCyLZw5bgp0lyTVR4m0xneUmIzYLU1ImAGV0FS3NhCiXnAILeYIaxKcZmSA/Pl/tFBS4jIseNsGrE8rKYtJPnOWKavHE1KaTGXzr84BlmKmyICuKxnXjjiPhoG3gOkfS34377MDnX0ktwBBMYmD9rbFbNBMzx3I+kfjsfMSp14SMA9o39LgEHWX35tCQN8C2elsDgpEb5cNI1jaXOFutVYCyQPRF4z4YLNz2esf7hBqVaIEh8TOUKbHZyofpif0i9aaIWUcaRd3U78DBhFm3ofA/toS30oI5JqO/w32ICT0ql0uRpYqYXNTtAPxkamEJgS01YxdipNUaC8beRcvd3N5 root@ubuntu-xenial
-----END SSH HOST KEY KEYS-----
[   47.200916] cloud-init[1340]: Cloud-init v. 17.1 running 'modules:final' at Sun, 28 Jan 2018 17:36:20 +0000. Up 45.90 seconds.
[   47.283321] cloud-init[1340]: ci-info: no authorized ssh keys fingerprints found for user ubuntu.
[   47.369510] cloud-init[1340]: Cloud-init v. 17.1 finished at Sun, 28 Jan 2018 17:36:21 +0000. Datasource DataSourceNoCloud [seed=/dev/sdb][dsmode=net].  Up 47.18 seconds
[[0;32m  OK  [0m] Started Execute cloud user/final scripts.
[[0;32m  OK  [0m] Reached target Cloud-init target.

Ubuntu 16.04.3 LTS ubuntu-xenial ttyS0

ubuntu-xenial login: 